<?xml version="1.0" encoding="UTF-8"?>
<testng-results skipped="0" failed="1" ignored="0" total="2" passed="1">
  <reporter-output>
    <line>
      <![CDATA[Login successfully executed]]>
    </line>
    <line>
      <![CDATA[Capturing screenshot]]>
    </line>
    <line>
      <![CDATA[<a target="_blank" href="#">screenshot</a>]]>
    </line>
    <line>
      <![CDATA[<br>]]>
    </line>
    <line>
      <![CDATA[<a target="_blank" href="#"><img src="#" width=200 height=200 ></a>]]>
    </line>
  </reporter-output>
  <suite name="Data Driven Basics" duration-ms="4241" started-at="2019-02-10T18:44:23Z" finished-at="2019-02-10T18:44:28Z">
    <groups>
    </groups>
    <test name="Bank Manager Login Test" duration-ms="3297" started-at="2019-02-10T18:44:23Z" finished-at="2019-02-10T18:44:27Z">
      <class name="com.home.testcases.BankManagerLoginTest">
        <test-method status="FAIL" signature="loginAsBankManager()[pri:0, instance:com.home.testcases.BankManagerLoginTest@a3d8174]" name="loginAsBankManager" duration-ms="3262" started-at="2019-02-10T18:44:23Z" finished-at="2019-02-10T18:44:27Z">
          <exception class="java.lang.AssertionError">
            <message>
              <![CDATA[Login not Successful]]>
            </message>
            <full-stacktrace>
              <![CDATA[java.lang.AssertionError: Login not Successful
at org.testng.Assert.fail(Assert.java:96)
at com.home.testcases.BankManagerLoginTest.loginAsBankManager(BankManagerLoginTest.java:24)
at sun.reflect.NativeMethodAccessorImpl.invoke0(Native Method)
at sun.reflect.NativeMethodAccessorImpl.invoke(Unknown Source)
at sun.reflect.DelegatingMethodAccessorImpl.invoke(Unknown Source)
at java.lang.reflect.Method.invoke(Unknown Source)
at org.testng.internal.MethodInvocationHelper.invokeMethod(MethodInvocationHelper.java:124)
at org.testng.internal.Invoker.invokeMethod(Invoker.java:583)
at org.testng.internal.Invoker.invokeTestMethod(Invoker.java:719)
at org.testng.internal.Invoker.invokeTestMethods(Invoker.java:989)
at org.testng.internal.TestMethodWorker.invokeTestMethods(TestMethodWorker.java:125)
at org.testng.internal.TestMethodWorker.run(TestMethodWorker.java:109)
at org.testng.TestRunner.privateRun(TestRunner.java:648)
at org.testng.TestRunner.run(TestRunner.java:505)
at org.testng.SuiteRunner.runTest(SuiteRunner.java:455)
at org.testng.SuiteRunner.runSequentially(SuiteRunner.java:450)
at org.testng.SuiteRunner.privateRun(SuiteRunner.java:415)
at org.testng.SuiteRunner.run(SuiteRunner.java:364)
at org.testng.SuiteRunnerWorker.runSuite(SuiteRunnerWorker.java:52)
at org.testng.SuiteRunnerWorker.run(SuiteRunnerWorker.java:84)
at org.testng.TestNG.runSuitesSequentially(TestNG.java:1208)
at org.testng.TestNG.runSuitesLocally(TestNG.java:1137)
at org.testng.TestNG.runSuites(TestNG.java:1049)
at org.testng.TestNG.run(TestNG.java:1017)
at org.testng.remote.AbstractRemoteTestNG.run(AbstractRemoteTestNG.java:114)
at org.testng.remote.RemoteTestNG.initAndRun(RemoteTestNG.java:251)
at org.testng.remote.RemoteTestNG.main(RemoteTestNG.java:77)
]]>
            </full-stacktrace>
          </exception> <!-- java.lang.AssertionError -->
          <reporter-output>
            <line>
              <![CDATA[Login successfully executed]]>
            </line>
            <line>
              <![CDATA[Capturing screenshot]]>
            </line>
            <line>
              <![CDATA[<a target="_blank" href="#">screenshot</a>]]>
            </line>
            <line>
              <![CDATA[<br>]]>
            </line>
            <line>
              <![CDATA[<a target="_blank" href="#"><img src="#" width=200 height=200 ></a>]]>
            </line>
          </reporter-output>
        </test-method> <!-- loginAsBankManager -->
      </class> <!-- com.home.testcases.BankManagerLoginTest -->
    </test> <!-- Bank Manager Login Test -->
    <test name="Add Customer Test" duration-ms="884" started-at="2019-02-10T18:44:27Z" finished-at="2019-02-10T18:44:28Z">
      <class name="com.home.testcases.AddCustomerTest">
        <test-method status="PASS" signature="setUp()[pri:0, instance:com.home.testcases.AddCustomerTest@3514a4c0]" name="setUp" is-config="true" duration-ms="6436" started-at="2019-02-10T18:44:17Z" finished-at="2019-02-10T18:44:23Z">
          <reporter-output>
          </reporter-output>
        </test-method> <!-- setUp -->
        <test-method status="PASS" signature="addCustomer(java.util.Hashtable)[pri:0, instance:com.home.testcases.AddCustomerTest@3514a4c0]" name="addCustomer" duration-ms="855" started-at="2019-02-10T18:44:27Z" data-provider="getData" finished-at="2019-02-10T18:44:28Z">
          <params>
            <param index="0">
              <value>
                <![CDATA[{postCode=123wp, lastName=Majeed, firstName=Sohaib, alertText=Customer added successfully}]]>
              </value>
            </param>
          </params>
          <reporter-output>
          </reporter-output>
        </test-method> <!-- addCustomer -->
        <test-method status="PASS" signature="tearDown()[pri:0, instance:com.home.testcases.AddCustomerTest@3514a4c0]" name="tearDown" is-config="true" duration-ms="1105" started-at="2019-02-10T18:44:28Z" finished-at="2019-02-10T18:44:29Z">
          <reporter-output>
          </reporter-output>
        </test-method> <!-- tearDown -->
      </class> <!-- com.home.testcases.AddCustomerTest -->
    </test> <!-- Add Customer Test -->
  </suite> <!-- Data Driven Basics -->
</testng-results>
